{"level":"info","message":"Successfully sent result to frontend!","timestamp":"2025-01-16 20:33:16"}
{"level":"info","message":"Successfully sent result to frontend!","timestamp":"2025-01-16 20:45:27"}
{"level":"info","message":"Successfully sent result to frontend!","timestamp":"2025-01-17 11:53:15"}
{"level":"info","message":"Successfully sent result to frontend!","timestamp":"2025-01-17 11:53:56"}
{"level":"error","message":"Error during CRON operation: Cannot set properties of null (setting 'profitBalance')","timestamp":"2025-01-17 13:01:44"}
{"level":"error","message":"Error during CRON operation: Cannot set properties of null (setting 'profitBalance')","timestamp":"2025-01-17 13:12:45"}
{"level":"error","message":"Error during CRON operation: Cannot set properties of null (setting 'profitBalance')","timestamp":"2025-01-17 13:19:37"}
{"level":"error","message":"Error during CRON operation: Cannot set properties of null (setting 'profitBalance')","timestamp":"2025-01-17 13:24:07"}
{"level":"error","message":"Error during CRON operation: Cannot set properties of null (setting 'profitBalance')","timestamp":"2025-01-17 13:24:35"}
{"level":"error","message":"Error during CRON operation: Cannot read properties of null (reading '_id')","timestamp":"2025-01-17 13:28:47"}
{"level":"error","message":"Error during CRON operation: Transaction validation failed: userId: Path `userId` is required.","timestamp":"2025-01-17 13:33:55"}
{"level":"error","message":"Error during CRON operation: Transaction validation failed: userId: Path `userId` is required.","timestamp":"2025-01-17 13:34:51"}
{"level":"info","message":"Successfully sent result to frontend!","timestamp":"2025-01-17 16:38:57"}
{"level":"info","message":"Successfully sent result to frontend!","timestamp":"2025-01-17 16:39:14"}
{"level":"info","message":"Successfully sent result to frontend!","timestamp":"2025-01-17 16:50:28"}
{"level":"info","message":"Successfully sent result to frontend!","timestamp":"2025-01-17 16:50:33"}
{"level":"info","message":"Successfully sent result to frontend!","timestamp":"2025-01-17 16:51:25"}
{"level":"info","message":"Successfully sent result to frontend!","timestamp":"2025-01-17 16:52:22"}
{"level":"info","message":"Successfully sent result to frontend!","timestamp":"2025-01-17 16:52:44"}
{"level":"info","message":"Successfully sent result to frontend!","timestamp":"2025-01-17 16:53:22"}
{"level":"info","message":"Successfully sent result to frontend!","timestamp":"2025-01-17 16:53:42"}
{"level":"info","message":"Successfully sent result to frontend!","timestamp":"2025-01-17 16:53:53"}
{"level":"info","message":"Successfully sent result to frontend!","timestamp":"2025-01-17 16:54:01"}
{"level":"info","message":"Successfully sent result to frontend!","timestamp":"2025-01-17 16:54:44"}
{"level":"info","message":"Successfully sent result to frontend!","timestamp":"2025-01-17 16:54:50"}
{"level":"info","message":"Successfully sent result to frontend!","timestamp":"2025-01-17 16:55:51"}
{"level":"info","message":"Successfully sent result to frontend!","timestamp":"2025-01-17 16:55:58"}
{"level":"info","message":"No Active Investments","timestamp":"2025-01-17 23:39:37"}
{"level":"info","message":"Successfully sent result to frontend!","timestamp":"2025-01-17 23:39:38"}
{"level":"info","message":"Successfully sent result to frontend!","timestamp":"2025-01-17 23:39:41"}
{"level":"info","message":"Successfully sent result to frontend!","timestamp":"2025-01-18 00:45:09"}
{"level":"info","message":"No Active Investments","timestamp":"2025-01-18 01:11:28"}
{"level":"info","message":"Successfully sent result to frontend!","timestamp":"2025-01-18 01:11:28"}
{"level":"info","message":"Successfully sent result to frontend!","timestamp":"2025-01-18 01:11:29"}
{"level":"info","message":"Successfully sent result to frontend!","timestamp":"2025-01-18 01:25:38"}
{"level":"info","message":"Successfully sent result to frontend!","timestamp":"2025-01-18 01:26:28"}
{"level":"info","message":"Successfully sent result to frontend!","timestamp":"2025-01-18 01:27:47"}
{"level":"info","message":"Successfully sent result to frontend!","timestamp":"2025-01-18 01:27:53"}
{"level":"info","message":"Successfully sent result to frontend!","timestamp":"2025-01-18 01:31:50"}
{"level":"info","message":"Successfully sent result to frontend!","timestamp":"2025-01-18 01:34:56"}
{"level":"info","message":"Successfully sent result to frontend!","timestamp":"2025-01-18 01:35:36"}
{"level":"info","message":"Successfully sent result to frontend!","timestamp":"2025-01-18 01:38:50"}
{"level":"info","message":"Successfully sent result to frontend!","timestamp":"2025-01-18 01:39:13"}
{"level":"info","message":"Successfully sent result to frontend!","timestamp":"2025-01-18 01:39:33"}
{"level":"info","message":"Successfully sent result to frontend!","timestamp":"2025-01-18 01:39:40"}
{"level":"info","message":"Successfully sent result to frontend!","timestamp":"2025-01-18 01:39:59"}
{"level":"info","message":"Successfully sent result to frontend!","timestamp":"2025-01-18 01:40:04"}
{"level":"info","message":"Successfully sent result to frontend!","timestamp":"2025-01-18 01:40:07"}
{"level":"info","message":"Successfully sent result to frontend!","timestamp":"2025-01-18 01:40:12"}
{"level":"info","message":"Successfully sent result to frontend!","timestamp":"2025-01-18 01:40:16"}
{"level":"info","message":"Successfully sent result to frontend!","timestamp":"2025-01-18 01:40:39"}
{"level":"info","message":"Successfully sent result to frontend!","timestamp":"2025-01-18 01:40:46"}
{"level":"info","message":"Successfully sent result to frontend!","timestamp":"2025-01-18 01:40:54"}
{"level":"info","message":"Successfully sent result to frontend!","timestamp":"2025-01-18 01:41:29"}
{"level":"info","message":"Successfully sent result to frontend!","timestamp":"2025-01-18 01:44:01"}
{"level":"info","message":"Successfully sent result to frontend!","timestamp":"2025-01-18 01:55:22"}
{"level":"info","message":"Successfully sent result to frontend!","timestamp":"2025-01-18 01:57:25"}
{"level":"info","message":"Successfully sent result to frontend!","timestamp":"2025-01-18 01:58:23"}
{"level":"info","message":"Successfully sent result to frontend!","timestamp":"2025-01-18 01:58:37"}
{"level":"info","message":"Successfully sent result to frontend!","timestamp":"2025-01-18 01:59:00"}
{"level":"info","message":"Message sent: %s\", <7931f8a0-9c2d-722b-3a75-e83056a904cb@iwon.vc>","timestamp":"2025-01-18 22:43:54"}
{"level":"info","message":"No Active Investments","timestamp":"2025-01-18 22:45:46"}
{"level":"info","message":"Successfully sent result to frontend!","timestamp":"2025-01-18 22:45:46"}
{"level":"info","message":"Successfully sent result to frontend!","timestamp":"2025-01-18 22:45:47"}
{"level":"info","message":"No Active Investments","timestamp":"2025-01-20 22:30:30"}
{"level":"info","message":"Successfully sent result to frontend!","timestamp":"2025-01-20 22:30:31"}
{"level":"info","message":"Successfully sent result to frontend!","timestamp":"2025-01-20 22:30:31"}
{"level":"info","message":"No Active Investments","timestamp":"2025-01-21 20:03:06"}
{"level":"info","message":"Successfully sent result to frontend!","timestamp":"2025-01-21 20:03:07"}
{"level":"info","message":"Successfully sent result to frontend!","timestamp":"2025-01-21 20:03:07"}
{"level":"info","message":"Successfully sent result to frontend!","timestamp":"2025-01-24 18:51:34"}
{"level":"info","message":"Successfully sent result to frontend!","timestamp":"2025-01-24 18:51:34"}
{"level":"info","message":"No Active Investments","timestamp":"2025-01-24 18:51:35"}
{"level":"info","message":"Successfully sent result to frontend!","timestamp":"2025-01-31 13:03:47"}
{"level":"info","message":"No Active Investments","timestamp":"2025-01-31 13:03:47"}
{"level":"info","message":"Successfully sent result to frontend!","timestamp":"2025-01-31 13:03:47"}
{"level":"info","message":"No Active Investments","timestamp":"2025-01-31 19:31:36"}
{"level":"info","message":"Successfully sent result to frontend!","timestamp":"2025-01-31 19:31:37"}
{"level":"info","message":"Successfully sent result to frontend!","timestamp":"2025-01-31 19:31:38"}
{"level":"info","message":"No Active Investments","timestamp":"2025-02-01 00:47:01"}
{"level":"info","message":"Successfully sent result to frontend!","timestamp":"2025-02-01 00:47:02"}
{"level":"info","message":"Successfully sent result to frontend!","timestamp":"2025-02-01 00:47:03"}
{"level":"info","message":"No Active Investments","timestamp":"2025-02-06 02:45:53"}
{"level":"info","message":"Successfully sent result to frontend!","timestamp":"2025-02-06 02:45:53"}
{"level":"info","message":"Successfully sent result to frontend!","timestamp":"2025-02-06 02:45:54"}
{"level":"info","message":"No Active Investments","timestamp":"2025-03-02 21:41:06"}
{"level":"info","message":"Successfully sent result to frontend!","timestamp":"2025-03-02 21:41:06"}
{"level":"info","message":"Successfully sent result to frontend!","timestamp":"2025-03-02 21:41:08"}
{"level":"info","message":"Message sent: %s\", <c315328b-71d2-272d-d64e-6e17f6bad485@iwon.vc>","timestamp":"2025-03-03 19:25:24"}
